Currently Loaded Modulefiles:
 1) ffmpeg/4.4  
N_procs set to: 40 processors..
(96, 6, 64, 64, 64)
(96, 6, 64, 64, 64)
0
(96, 6, 64, 64, 64)
3.74688143495128e-24 1.4591552460153278e-26
This is ratio max/min:  256.78428975828945
/u/ferhi/Scripts/plots/render_example.py:217: RuntimeWarning: divide by zero encountered in log10
  arr=np.log10(rho_proj),
3
(96, 6, 64, 64, 64)
3.74688143495128e-24 1.4591552460153278e-26
This is ratio max/min:  256.78428975828945
/u/ferhi/Scripts/plots/render_example.py:217: RuntimeWarning: divide by zero encountered in log10
  arr=np.log10(rho_proj),
6
(96, 6, 64, 64, 64)
3.74688143495128e-24 1.4591552460153278e-26
This is ratio max/min:  256.78428975828945
/u/ferhi/Scripts/plots/render_example.py:217: RuntimeWarning: divide by zero encountered in log10
  arr=np.log10(rho_proj),
9
(96, 6, 64, 64, 64)
3.74688143495128e-24 1.4591552460153278e-26
This is ratio max/min:  256.78428975828945
/u/ferhi/Scripts/plots/render_example.py:217: RuntimeWarning: divide by zero encountered in log10
  arr=np.log10(rho_proj),
12
(96, 6, 64, 64, 64)
3.74688143495128e-24 1.4591552460153278e-26
This is ratio max/min:  256.78428975828945
/u/ferhi/Scripts/plots/render_example.py:217: RuntimeWarning: divide by zero encountered in log10
  arr=np.log10(rho_proj),
15
(96, 6, 64, 64, 64)
3.74688143495128e-24 1.4591552460153278e-26
This is ratio max/min:  256.78428975828945
/u/ferhi/Scripts/plots/render_example.py:217: RuntimeWarning: divide by zero encountered in log10
  arr=np.log10(rho_proj),
18
(96, 6, 64, 64, 64)
3.74688143495128e-24 1.4591552460153278e-26
This is ratio max/min:  256.78428975828945
/u/ferhi/Scripts/plots/render_example.py:217: RuntimeWarning: divide by zero encountered in log10
  arr=np.log10(rho_proj),
21
(96, 6, 64, 64, 64)
3.74688143495128e-24 1.4591552460153278e-26
This is ratio max/min:  256.78428975828945
/u/ferhi/Scripts/plots/render_example.py:217: RuntimeWarning: divide by zero encountered in log10
  arr=np.log10(rho_proj),
24
(96, 6, 64, 64, 64)
3.74688143495128e-24 1.4591552460153278e-26
This is ratio max/min:  256.78428975828945
/u/ferhi/Scripts/plots/render_example.py:217: RuntimeWarning: divide by zero encountered in log10
  arr=np.log10(rho_proj),
27
(96, 6, 64, 64, 64)
3.74688143495128e-24 1.4591552460153278e-26
This is ratio max/min:  256.78428975828945
/u/ferhi/Scripts/plots/render_example.py:217: RuntimeWarning: divide by zero encountered in log10
  arr=np.log10(rho_proj),
30
(96, 6, 64, 64, 64)
3.74688143495128e-24 1.4591552460153278e-26
This is ratio max/min:  256.78428975828945
/u/ferhi/Scripts/plots/render_example.py:217: RuntimeWarning: divide by zero encountered in log10
  arr=np.log10(rho_proj),
33
(96, 6, 64, 64, 64)
3.74688143495128e-24 1.4591552460153278e-26
This is ratio max/min:  256.78428975828945
/u/ferhi/Scripts/plots/render_example.py:217: RuntimeWarning: divide by zero encountered in log10
  arr=np.log10(rho_proj),
36
(96, 6, 64, 64, 64)
3.74688143495128e-24 1.4591552460153278e-26
This is ratio max/min:  256.78428975828945
/u/ferhi/Scripts/plots/render_example.py:217: RuntimeWarning: divide by zero encountered in log10
  arr=np.log10(rho_proj),
39
(96, 6, 64, 64, 64)
3.74688143495128e-24 1.4591552460153278e-26
This is ratio max/min:  256.78428975828945
/u/ferhi/Scripts/plots/render_example.py:217: RuntimeWarning: divide by zero encountered in log10
  arr=np.log10(rho_proj),
42
(96, 6, 64, 64, 64)
3.74688143495128e-24 1.4591552460153278e-26
This is ratio max/min:  256.78428975828945
/u/ferhi/Scripts/plots/render_example.py:217: RuntimeWarning: divide by zero encountered in log10
  arr=np.log10(rho_proj),
45
(96, 6, 64, 64, 64)
3.74688143495128e-24 1.4591552460153278e-26
This is ratio max/min:  256.78428975828945
/u/ferhi/Scripts/plots/render_example.py:217: RuntimeWarning: divide by zero encountered in log10
  arr=np.log10(rho_proj),
48
(96, 6, 64, 64, 64)
3.74688143495128e-24 1.4591552460153278e-26
This is ratio max/min:  256.78428975828945
/u/ferhi/Scripts/plots/render_example.py:217: RuntimeWarning: divide by zero encountered in log10
  arr=np.log10(rho_proj),
51
(96, 6, 64, 64, 64)
3.74688143495128e-24 1.4591552460153278e-26
This is ratio max/min:  256.78428975828945
/u/ferhi/Scripts/plots/render_example.py:217: RuntimeWarning: divide by zero encountered in log10
  arr=np.log10(rho_proj),
54
(96, 6, 64, 64, 64)
3.74688143495128e-24 1.4591552460153278e-26
This is ratio max/min:  256.78428975828945
/u/ferhi/Scripts/plots/render_example.py:217: RuntimeWarning: divide by zero encountered in log10
  arr=np.log10(rho_proj),
57
(96, 6, 64, 64, 64)
3.74688143495128e-24 1.4591552460153278e-26
This is ratio max/min:  256.78428975828945
/u/ferhi/Scripts/plots/render_example.py:217: RuntimeWarning: divide by zero encountered in log10
  arr=np.log10(rho_proj),
60
(96, 6, 64, 64, 64)
3.74688143495128e-24 1.4591552460153278e-26
This is ratio max/min:  256.78428975828945
/u/ferhi/Scripts/plots/render_example.py:217: RuntimeWarning: divide by zero encountered in log10
  arr=np.log10(rho_proj),
63
(96, 6, 64, 64, 64)
3.74688143495128e-24 1.4591552460153278e-26
This is ratio max/min:  256.78428975828945
/u/ferhi/Scripts/plots/render_example.py:217: RuntimeWarning: divide by zero encountered in log10
  arr=np.log10(rho_proj),
66
(96, 6, 64, 64, 64)
3.74688143495128e-24 1.4591552460153278e-26
This is ratio max/min:  256.78428975828945
/u/ferhi/Scripts/plots/render_example.py:217: RuntimeWarning: divide by zero encountered in log10
  arr=np.log10(rho_proj),
69
(96, 6, 64, 64, 64)
3.74688143495128e-24 1.4591552460153278e-26
This is ratio max/min:  256.78428975828945
/u/ferhi/Scripts/plots/render_example.py:217: RuntimeWarning: divide by zero encountered in log10
  arr=np.log10(rho_proj),
72
(96, 6, 64, 64, 64)
3.74688143495128e-24 1.4591552460153278e-26
This is ratio max/min:  256.78428975828945
/u/ferhi/Scripts/plots/render_example.py:217: RuntimeWarning: divide by zero encountered in log10
  arr=np.log10(rho_proj),
75
(96, 6, 64, 64, 64)
3.74688143495128e-24 1.4591552460153278e-26
This is ratio max/min:  256.78428975828945
/u/ferhi/Scripts/plots/render_example.py:217: RuntimeWarning: divide by zero encountered in log10
  arr=np.log10(rho_proj),
78
(96, 6, 64, 64, 64)
3.74688143495128e-24 1.4591552460153278e-26
This is ratio max/min:  256.78428975828945
/u/ferhi/Scripts/plots/render_example.py:217: RuntimeWarning: divide by zero encountered in log10
  arr=np.log10(rho_proj),
81
(96, 6, 64, 64, 64)
3.74688143495128e-24 1.4591552460153278e-26
This is ratio max/min:  256.78428975828945
/u/ferhi/Scripts/plots/render_example.py:217: RuntimeWarning: divide by zero encountered in log10
  arr=np.log10(rho_proj),
84
(96, 6, 64, 64, 64)
3.74688143495128e-24 1.4591552460153278e-26
This is ratio max/min:  256.78428975828945
/u/ferhi/Scripts/plots/render_example.py:217: RuntimeWarning: divide by zero encountered in log10
  arr=np.log10(rho_proj),
87
(96, 6, 64, 64, 64)
3.74688143495128e-24 1.4591552460153278e-26
This is ratio max/min:  256.78428975828945
/u/ferhi/Scripts/plots/render_example.py:217: RuntimeWarning: divide by zero encountered in log10
  arr=np.log10(rho_proj),
90
(96, 6, 64, 64, 64)
3.74688143495128e-24 1.4591552460153278e-26
This is ratio max/min:  256.78428975828945
/u/ferhi/Scripts/plots/render_example.py:217: RuntimeWarning: divide by zero encountered in log10
  arr=np.log10(rho_proj),
93
(96, 6, 64, 64, 64)
3.74688143495128e-24 1.4591552460153278e-26
This is ratio max/min:  256.78428975828945
/u/ferhi/Scripts/plots/render_example.py:217: RuntimeWarning: divide by zero encountered in log10
  arr=np.log10(rho_proj),
96
(96, 6, 64, 64, 64)
3.74688143495128e-24 1.4591552460153278e-26
This is ratio max/min:  256.78428975828945
/u/ferhi/Scripts/plots/render_example.py:217: RuntimeWarning: divide by zero encountered in log10
  arr=np.log10(rho_proj),
99
(96, 6, 64, 64, 64)
3.74688143495128e-24 1.4591552460153278e-26
This is ratio max/min:  256.78428975828945
/u/ferhi/Scripts/plots/render_example.py:217: RuntimeWarning: divide by zero encountered in log10
  arr=np.log10(rho_proj),
102
(96, 6, 64, 64, 64)
3.74688143495128e-24 1.4591552460153278e-26
This is ratio max/min:  256.78428975828945
/u/ferhi/Scripts/plots/render_example.py:217: RuntimeWarning: divide by zero encountered in log10
  arr=np.log10(rho_proj),
105
(96, 6, 64, 64, 64)
3.74688143495128e-24 1.4591552460153278e-26
This is ratio max/min:  256.78428975828945
/u/ferhi/Scripts/plots/render_example.py:217: RuntimeWarning: divide by zero encountered in log10
  arr=np.log10(rho_proj),
108
(96, 6, 64, 64, 64)
3.74688143495128e-24 1.4591552460153278e-26
This is ratio max/min:  256.78428975828945
/u/ferhi/Scripts/plots/render_example.py:217: RuntimeWarning: divide by zero encountered in log10
  arr=np.log10(rho_proj),
111
(96, 6, 64, 64, 64)
3.74688143495128e-24 1.4591552460153278e-26
This is ratio max/min:  256.78428975828945
/u/ferhi/Scripts/plots/render_example.py:217: RuntimeWarning: divide by zero encountered in log10
  arr=np.log10(rho_proj),
114
(96, 6, 64, 64, 64)
3.74688143495128e-24 1.4591552460153278e-26
This is ratio max/min:  256.78428975828945
/u/ferhi/Scripts/plots/render_example.py:217: RuntimeWarning: divide by zero encountered in log10
  arr=np.log10(rho_proj),
117
(96, 6, 64, 64, 64)
3.74688143495128e-24 1.4591552460153278e-26
This is ratio max/min:  256.78428975828945
/u/ferhi/Scripts/plots/render_example.py:217: RuntimeWarning: divide by zero encountered in log10
  arr=np.log10(rho_proj),
0.0 -inf
This is ratio max/min:  -0.0
0.0 -inf
This is ratio max/min:  -0.0
/u/ferhi/Packages/miniforge3/lib/python3.12/site-packages/matplotlib/colors.py:2293: RuntimeWarning: invalid value encountered in subtract
  resdat -= vmin
/u/ferhi/Packages/miniforge3/lib/python3.12/site-packages/matplotlib/colors.py:2294: RuntimeWarning: invalid value encountered in divide
  resdat /= (vmax - vmin)
/u/ferhi/Packages/miniforge3/lib/python3.12/site-packages/matplotlib/colors.py:2293: RuntimeWarning: invalid value encountered in subtract
  resdat -= vmin
/u/ferhi/Packages/miniforge3/lib/python3.12/site-packages/matplotlib/colors.py:2294: RuntimeWarning: invalid value encountered in divide
  resdat /= (vmax - vmin)
0.0 -inf
This is ratio max/min:  -0.0
0.0 -inf
This is ratio max/min:  -0.0
/u/ferhi/Packages/miniforge3/lib/python3.12/site-packages/matplotlib/colors.py:2293: RuntimeWarning: invalid value encountered in subtract
  resdat -= vmin
/u/ferhi/Packages/miniforge3/lib/python3.12/site-packages/matplotlib/colors.py:2294: RuntimeWarning: invalid value encountered in divide
  resdat /= (vmax - vmin)
0.0 -inf
This is ratio max/min:  -0.0
0.0 -inf
This is ratio max/min:  -0.0
0.0 -inf
This is ratio max/min:  -0.0
/u/ferhi/Packages/miniforge3/lib/python3.12/site-packages/matplotlib/colors.py:2293: RuntimeWarning: invalid value encountered in subtract
  resdat -= vmin
/u/ferhi/Packages/miniforge3/lib/python3.12/site-packages/matplotlib/colors.py:2294: RuntimeWarning: invalid value encountered in divide
  resdat /= (vmax - vmin)
/u/ferhi/Packages/miniforge3/lib/python3.12/site-packages/matplotlib/colors.py:2293: RuntimeWarning: invalid value encountered in subtract
  resdat -= vmin
/u/ferhi/Packages/miniforge3/lib/python3.12/site-packages/matplotlib/colors.py:2294: RuntimeWarning: invalid value encountered in divide
  resdat /= (vmax - vmin)
0.0 -inf
This is ratio max/min:  -0.0
/u/ferhi/Packages/miniforge3/lib/python3.12/site-packages/matplotlib/colors.py:2293: RuntimeWarning: invalid value encountered in subtract
  resdat -= vmin
/u/ferhi/Packages/miniforge3/lib/python3.12/site-packages/matplotlib/colors.py:2294: RuntimeWarning: invalid value encountered in divide
  resdat /= (vmax - vmin)
1
(96, 6, 64, 64, 64)
3.74688143495128e-24 1.4591552460153278e-26
This is ratio max/min:  256.78428975828945
0.0 -inf
This is ratio max/min:  -0.0
/u/ferhi/Packages/miniforge3/lib/python3.12/site-packages/matplotlib/colors.py:2293: RuntimeWarning: invalid value encountered in subtract
  resdat -= vmin
/u/ferhi/Packages/miniforge3/lib/python3.12/site-packages/matplotlib/colors.py:2294: RuntimeWarning: invalid value encountered in divide
  resdat /= (vmax - vmin)
4
(96, 6, 64, 64, 64)
3.74688143495128e-24 1.4591552460153278e-26
This is ratio max/min:  256.78428975828945
/u/ferhi/Packages/miniforge3/lib/python3.12/site-packages/matplotlib/colors.py:2293: RuntimeWarning: invalid value encountered in subtract
  resdat -= vmin
/u/ferhi/Packages/miniforge3/lib/python3.12/site-packages/matplotlib/colors.py:2294: RuntimeWarning: invalid value encountered in divide
  resdat /= (vmax - vmin)
0.0 -inf
This is ratio max/min:  -0.0
/u/ferhi/Packages/miniforge3/lib/python3.12/site-packages/matplotlib/colors.py:2293: RuntimeWarning: invalid value encountered in subtract
  resdat -= vmin
/u/ferhi/Packages/miniforge3/lib/python3.12/site-packages/matplotlib/colors.py:2294: RuntimeWarning: invalid value encountered in divide
  resdat /= (vmax - vmin)
0.0 -inf
This is ratio max/min:  -0.0
10
(96, 6, 64, 64, 64)
3.74688143495128e-24 1.4591552460153278e-26
This is ratio max/min:  256.78428975828945
/u/ferhi/Packages/miniforge3/lib/python3.12/site-packages/matplotlib/colors.py:2293: RuntimeWarning: invalid value encountered in subtract
  resdat -= vmin
/u/ferhi/Packages/miniforge3/lib/python3.12/site-packages/matplotlib/colors.py:2294: RuntimeWarning: invalid value encountered in divide
  resdat /= (vmax - vmin)
13
(96, 6, 64, 64, 64)
3.74688143495128e-24 1.4591552460153278e-26
This is ratio max/min:  256.78428975828945
0.0 -inf
This is ratio max/min:  -0.0
7
(96, 6, 64, 64, 64)
3.74688143495128e-24 1.4591552460153278e-26
This is ratio max/min:  256.78428975828945
16
(96, 6, 64, 64, 64)
3.74688143495128e-24 1.4591552460153278e-26
This is ratio max/min:  256.78428975828945
/u/ferhi/Packages/miniforge3/lib/python3.12/site-packages/matplotlib/colors.py:2293: RuntimeWarning: invalid value encountered in subtract
  resdat -= vmin
/u/ferhi/Packages/miniforge3/lib/python3.12/site-packages/matplotlib/colors.py:2294: RuntimeWarning: invalid value encountered in divide
  resdat /= (vmax - vmin)
0.0 -inf
This is ratio max/min:  -0.0
19
(96, 6, 64, 64, 64)
3.74688143495128e-24 1.4591552460153278e-26
This is ratio max/min:  256.78428975828945
/u/ferhi/Packages/miniforge3/lib/python3.12/site-packages/matplotlib/colors.py:2293: RuntimeWarning: invalid value encountered in subtract
  resdat -= vmin
/u/ferhi/Packages/miniforge3/lib/python3.12/site-packages/matplotlib/colors.py:2294: RuntimeWarning: invalid value encountered in divide
  resdat /= (vmax - vmin)
22
(96, 6, 64, 64, 64)
3.74688143495128e-24 1.4591552460153278e-26
This is ratio max/min:  256.78428975828945
0.0 -inf
This is ratio max/min:  -0.0
25
(96, 6, 64, 64, 64)
3.74688143495128e-24 1.4591552460153278e-26
This is ratio max/min:  256.78428975828945
/u/ferhi/Packages/miniforge3/lib/python3.12/site-packages/matplotlib/colors.py:2293: RuntimeWarning: invalid value encountered in subtract
  resdat -= vmin
/u/ferhi/Packages/miniforge3/lib/python3.12/site-packages/matplotlib/colors.py:2294: RuntimeWarning: invalid value encountered in divide
  resdat /= (vmax - vmin)
0.0 -inf
This is ratio max/min:  -0.0
28
(96, 6, 64, 64, 64)
3.74688143495128e-24 1.4591552460153278e-26
This is ratio max/min:  256.78428975828945
/u/ferhi/Packages/miniforge3/lib/python3.12/site-packages/matplotlib/colors.py:2293: RuntimeWarning: invalid value encountered in subtract
  resdat -= vmin
/u/ferhi/Packages/miniforge3/lib/python3.12/site-packages/matplotlib/colors.py:2294: RuntimeWarning: invalid value encountered in divide
  resdat /= (vmax - vmin)
0.0 -inf
This is ratio max/min:  -0.0
31
(96, 6, 64, 64, 64)
3.74688143495128e-24 1.4591552460153278e-26
This is ratio max/min:  256.78428975828945
0.0 -inf
This is ratio max/min:  -0.0
/u/ferhi/Packages/miniforge3/lib/python3.12/site-packages/matplotlib/colors.py:2293: RuntimeWarning: invalid value encountered in subtract
  resdat -= vmin
/u/ferhi/Packages/miniforge3/lib/python3.12/site-packages/matplotlib/colors.py:2294: RuntimeWarning: invalid value encountered in divide
  resdat /= (vmax - vmin)
34
(96, 6, 64, 64, 64)
3.74688143495128e-24 1.4591552460153278e-26
This is ratio max/min:  256.78428975828945
0.0 -inf
This is ratio max/min:  -0.0
/u/ferhi/Packages/miniforge3/lib/python3.12/site-packages/matplotlib/colors.py:2293: RuntimeWarning: invalid value encountered in subtract
  resdat -= vmin
/u/ferhi/Packages/miniforge3/lib/python3.12/site-packages/matplotlib/colors.py:2294: RuntimeWarning: invalid value encountered in divide
  resdat /= (vmax - vmin)
0.0 -inf
This is ratio max/min:  -0.0
/u/ferhi/Packages/miniforge3/lib/python3.12/site-packages/matplotlib/colors.py:2293: RuntimeWarning: invalid value encountered in subtract
  resdat -= vmin
/u/ferhi/Packages/miniforge3/lib/python3.12/site-packages/matplotlib/colors.py:2294: RuntimeWarning: invalid value encountered in divide
  resdat /= (vmax - vmin)
40
(96, 6, 64, 64, 64)
3.74688143495128e-24 1.4591552460153278e-26
This is ratio max/min:  256.78428975828945
0.0 -inf
This is ratio max/min:  -0.0
/u/ferhi/Packages/miniforge3/lib/python3.12/site-packages/matplotlib/colors.py:2293: RuntimeWarning: invalid value encountered in subtract
  resdat -= vmin
/u/ferhi/Packages/miniforge3/lib/python3.12/site-packages/matplotlib/colors.py:2294: RuntimeWarning: invalid value encountered in divide
  resdat /= (vmax - vmin)
43
(96, 6, 64, 64, 64)
3.74688143495128e-24 1.4591552460153278e-26
This is ratio max/min:  256.78428975828945
/u/ferhi/Packages/miniforge3/lib/python3.12/site-packages/matplotlib/colors.py:2293: RuntimeWarning: invalid value encountered in subtract
  resdat -= vmin
/u/ferhi/Packages/miniforge3/lib/python3.12/site-packages/matplotlib/colors.py:2294: RuntimeWarning: invalid value encountered in divide
  resdat /= (vmax - vmin)
0.0 -inf
This is ratio max/min:  -0.0
46
(96, 6, 64, 64, 64)
3.74688143495128e-24 1.4591552460153278e-26
This is ratio max/min:  256.78428975828945
/u/ferhi/Packages/miniforge3/lib/python3.12/site-packages/matplotlib/colors.py:2293: RuntimeWarning: invalid value encountered in subtract
  resdat -= vmin
/u/ferhi/Packages/miniforge3/lib/python3.12/site-packages/matplotlib/colors.py:2294: RuntimeWarning: invalid value encountered in divide
  resdat /= (vmax - vmin)
0.0 -inf
This is ratio max/min:  -0.0
49
(96, 6, 64, 64, 64)
3.74688143495128e-24 1.4591552460153278e-26
This is ratio max/min:  256.78428975828945
0.0 -inf
This is ratio max/min:  -0.0
/u/ferhi/Packages/miniforge3/lib/python3.12/site-packages/matplotlib/colors.py:2293: RuntimeWarning: invalid value encountered in subtract
  resdat -= vmin
/u/ferhi/Packages/miniforge3/lib/python3.12/site-packages/matplotlib/colors.py:2294: RuntimeWarning: invalid value encountered in divide
  resdat /= (vmax - vmin)
52
(96, 6, 64, 64, 64)
3.74688143495128e-24 1.4591552460153278e-26
This is ratio max/min:  256.78428975828945
/u/ferhi/Packages/miniforge3/lib/python3.12/site-packages/matplotlib/colors.py:2293: RuntimeWarning: invalid value encountered in subtract
  resdat -= vmin
/u/ferhi/Packages/miniforge3/lib/python3.12/site-packages/matplotlib/colors.py:2294: RuntimeWarning: invalid value encountered in divide
  resdat /= (vmax - vmin)
0.0 -inf
This is ratio max/min:  -0.0
55
(96, 6, 64, 64, 64)
3.74688143495128e-24 1.4591552460153278e-26
This is ratio max/min:  256.78428975828945
0.0 -inf
This is ratio max/min:  -0.0
/u/ferhi/Packages/miniforge3/lib/python3.12/site-packages/matplotlib/colors.py:2293: RuntimeWarning: invalid value encountered in subtract
  resdat -= vmin
/u/ferhi/Packages/miniforge3/lib/python3.12/site-packages/matplotlib/colors.py:2294: RuntimeWarning: invalid value encountered in divide
  resdat /= (vmax - vmin)
58
(96, 6, 64, 64, 64)
3.74688143495128e-24 1.4591552460153278e-26
This is ratio max/min:  256.78428975828945
0.0 -inf
This is ratio max/min:  -0.0
/u/ferhi/Packages/miniforge3/lib/python3.12/site-packages/matplotlib/colors.py:2293: RuntimeWarning: invalid value encountered in subtract
  resdat -= vmin
/u/ferhi/Packages/miniforge3/lib/python3.12/site-packages/matplotlib/colors.py:2294: RuntimeWarning: invalid value encountered in divide
  resdat /= (vmax - vmin)
0.0 -inf
This is ratio max/min:  -0.0
61
(96, 6, 64, 64, 64)
3.74688143495128e-24 1.4591552460153278e-26
This is ratio max/min:  256.78428975828945
0.0 -inf
This is ratio max/min:  -0.0
/u/ferhi/Packages/miniforge3/lib/python3.12/site-packages/matplotlib/colors.py:2293: RuntimeWarning: invalid value encountered in subtract
  resdat -= vmin
/u/ferhi/Packages/miniforge3/lib/python3.12/site-packages/matplotlib/colors.py:2294: RuntimeWarning: invalid value encountered in divide
  resdat /= (vmax - vmin)
/u/ferhi/Packages/miniforge3/lib/python3.12/site-packages/matplotlib/colors.py:2293: RuntimeWarning: invalid value encountered in subtract
  resdat -= vmin
/u/ferhi/Packages/miniforge3/lib/python3.12/site-packages/matplotlib/colors.py:2294: RuntimeWarning: invalid value encountered in divide
  resdat /= (vmax - vmin)
64
(96, 6, 64, 64, 64)
3.74688143495128e-24 1.4591552460153278e-26
This is ratio max/min:  256.78428975828945
/u/ferhi/Packages/miniforge3/lib/python3.12/site-packages/matplotlib/colors.py:2293: RuntimeWarning: invalid value encountered in subtract
  resdat -= vmin
/u/ferhi/Packages/miniforge3/lib/python3.12/site-packages/matplotlib/colors.py:2294: RuntimeWarning: invalid value encountered in divide
  resdat /= (vmax - vmin)
0.0 -inf
This is ratio max/min:  -0.0
67
(96, 6, 64, 64, 64)
3.74688143495128e-24 1.4591552460153278e-26
This is ratio max/min:  256.78428975828945
/u/ferhi/Packages/miniforge3/lib/python3.12/site-packages/matplotlib/colors.py:2293: RuntimeWarning: invalid value encountered in subtract
  resdat -= vmin
/u/ferhi/Packages/miniforge3/lib/python3.12/site-packages/matplotlib/colors.py:2294: RuntimeWarning: invalid value encountered in divide
  resdat /= (vmax - vmin)
0.0 -inf
This is ratio max/min:  -0.0
0.0 -inf
This is ratio max/min:  -0.0
70
(96, 6, 64, 64, 64)
3.74688143495128e-24 1.4591552460153278e-26
This is ratio max/min:  256.78428975828945
/u/ferhi/Packages/miniforge3/lib/python3.12/site-packages/matplotlib/colors.py:2293: RuntimeWarning: invalid value encountered in subtract
  resdat -= vmin
/u/ferhi/Packages/miniforge3/lib/python3.12/site-packages/matplotlib/colors.py:2294: RuntimeWarning: invalid value encountered in divide
  resdat /= (vmax - vmin)
73
(96, 6, 64, 64, 64)
3.74688143495128e-24 1.4591552460153278e-26
This is ratio max/min:  256.78428975828945
/u/ferhi/Packages/miniforge3/lib/python3.12/site-packages/matplotlib/colors.py:2293: RuntimeWarning: invalid value encountered in subtract
  resdat -= vmin
/u/ferhi/Packages/miniforge3/lib/python3.12/site-packages/matplotlib/colors.py:2294: RuntimeWarning: invalid value encountered in divide
  resdat /= (vmax - vmin)
/u/ferhi/Packages/miniforge3/lib/python3.12/site-packages/matplotlib/colors.py:2293: RuntimeWarning: invalid value encountered in subtract
  resdat -= vmin
/u/ferhi/Packages/miniforge3/lib/python3.12/site-packages/matplotlib/colors.py:2294: RuntimeWarning: invalid value encountered in divide
  resdat /= (vmax - vmin)
76
(96, 6, 64, 64, 64)
3.74688143495128e-24 1.4591552460153278e-26
This is ratio max/min:  256.78428975828945
79
(96, 6, 64, 64, 64)
3.74688143495128e-24 1.4591552460153278e-26
This is ratio max/min:  256.78428975828945
37
(96, 6, 64, 64, 64)
3.74688143495128e-24 1.4591552460153278e-26
This is ratio max/min:  256.78428975828945
82
(96, 6, 64, 64, 64)
3.74688143495128e-24 1.4591552460153278e-26
This is ratio max/min:  256.78428975828945
0.0 -inf
This is ratio max/min:  -0.0
0.0 -inf
This is ratio max/min:  -0.0
85
(96, 6, 64, 64, 64)
3.74688143495128e-24 1.4591552460153278e-26
This is ratio max/min:  256.78428975828945
0.0 -inf
This is ratio max/min:  -0.0
0.0 -inf
This is ratio max/min:  -0.0
88
(96, 6, 64, 64, 64)
3.74688143495128e-24 1.4591552460153278e-26
This is ratio max/min:  256.78428975828945
/u/ferhi/Packages/miniforge3/lib/python3.12/site-packages/matplotlib/colors.py:2293: RuntimeWarning: invalid value encountered in subtract
  resdat -= vmin
/u/ferhi/Packages/miniforge3/lib/python3.12/site-packages/matplotlib/colors.py:2294: RuntimeWarning: invalid value encountered in divide
  resdat /= (vmax - vmin)
91
(96, 6, 64, 64, 64)
3.74688143495128e-24 1.4591552460153278e-26
This is ratio max/min:  256.78428975828945
0.0 -inf
This is ratio max/min:  -0.0
0.0 -inf
This is ratio max/min:  -0.0
/u/ferhi/Packages/miniforge3/lib/python3.12/site-packages/matplotlib/colors.py:2293: RuntimeWarning: invalid value encountered in subtract
  resdat -= vmin
/u/ferhi/Packages/miniforge3/lib/python3.12/site-packages/matplotlib/colors.py:2294: RuntimeWarning: invalid value encountered in divide
  resdat /= (vmax - vmin)
/u/ferhi/Packages/miniforge3/lib/python3.12/site-packages/matplotlib/colors.py:2293: RuntimeWarning: invalid value encountered in subtract
  resdat -= vmin
/u/ferhi/Packages/miniforge3/lib/python3.12/site-packages/matplotlib/colors.py:2294: RuntimeWarning: invalid value encountered in divide
  resdat /= (vmax - vmin)
0.0 -inf
This is ratio max/min:  -0.0
/u/ferhi/Packages/miniforge3/lib/python3.12/site-packages/matplotlib/colors.py:2293: RuntimeWarning: invalid value encountered in subtract
  resdat -= vmin
/u/ferhi/Packages/miniforge3/lib/python3.12/site-packages/matplotlib/colors.py:2294: RuntimeWarning: invalid value encountered in divide
  resdat /= (vmax - vmin)
0.0 -inf
This is ratio max/min:  -0.0
/u/ferhi/Packages/miniforge3/lib/python3.12/site-packages/matplotlib/colors.py:2293: RuntimeWarning: invalid value encountered in subtract
  resdat -= vmin
/u/ferhi/Packages/miniforge3/lib/python3.12/site-packages/matplotlib/colors.py:2294: RuntimeWarning: invalid value encountered in divide
  resdat /= (vmax - vmin)
/u/ferhi/Packages/miniforge3/lib/python3.12/site-packages/matplotlib/colors.py:2293: RuntimeWarning: invalid value encountered in subtract
  resdat -= vmin
/u/ferhi/Packages/miniforge3/lib/python3.12/site-packages/matplotlib/colors.py:2294: RuntimeWarning: invalid value encountered in divide
  resdat /= (vmax - vmin)
0.0 -inf
This is ratio max/min:  -0.0
/u/ferhi/Packages/miniforge3/lib/python3.12/site-packages/matplotlib/colors.py:2293: RuntimeWarning: invalid value encountered in subtract
  resdat -= vmin
/u/ferhi/Packages/miniforge3/lib/python3.12/site-packages/matplotlib/colors.py:2294: RuntimeWarning: invalid value encountered in divide
  resdat /= (vmax - vmin)
/u/ferhi/Packages/miniforge3/lib/python3.12/site-packages/matplotlib/colors.py:2293: RuntimeWarning: invalid value encountered in subtract
  resdat -= vmin
/u/ferhi/Packages/miniforge3/lib/python3.12/site-packages/matplotlib/colors.py:2294: RuntimeWarning: invalid value encountered in divide
  resdat /= (vmax - vmin)
97
(96, 6, 64, 64, 64)
3.74688143495128e-24 1.4591552460153278e-26
This is ratio max/min:  256.78428975828945
/u/ferhi/Packages/miniforge3/lib/python3.12/site-packages/matplotlib/colors.py:2293: RuntimeWarning: invalid value encountered in subtract
  resdat -= vmin
/u/ferhi/Packages/miniforge3/lib/python3.12/site-packages/matplotlib/colors.py:2294: RuntimeWarning: invalid value encountered in divide
  resdat /= (vmax - vmin)
106
(96, 6, 64, 64, 64)
3.74688143495128e-24 1.4591552460153278e-26
This is ratio max/min:  256.78428975828945
103
(96, 6, 64, 64, 64)
3.74688143495128e-24 1.4591552460153278e-26
This is ratio max/min:  256.78428975828945
109
(96, 6, 64, 64, 64)
3.74688143495128e-24 1.4591552460153278e-26
This is ratio max/min:  256.78428975828945
94
(96, 6, 64, 64, 64)
3.74688143495128e-24 1.4591552460153278e-26
This is ratio max/min:  256.78428975828945
112
(96, 6, 64, 64, 64)
3.74688143495128e-24 1.4591552460153278e-26
This is ratio max/min:  256.78428975828945
100
(96, 6, 64, 64, 64)
3.74688143495128e-24 1.4591552460153278e-26
This is ratio max/min:  256.78428975828945
115
(96, 6, 64, 64, 64)
3.74688143495128e-24 1.4591552460153278e-26
This is ratio max/min:  256.78428975828945
118
(96, 6, 64, 64, 64)
3.74688143495128e-24 1.4591552460153278e-26
This is ratio max/min:  256.78428975828945
0.0 -inf
This is ratio max/min:  -0.0
0.0 -inf
This is ratio max/min:  -0.0
0.0 -inf
This is ratio max/min:  -0.0
0.0 -inf
This is ratio max/min:  -0.0
0.0 -inf
This is ratio max/min:  -0.0
0.0 -inf
This is ratio max/min:  -0.0
0.0 -inf
This is ratio max/min:  -0.0
2
(96, 6, 64, 64, 64)
3.74688143495128e-24 1.4591552460153278e-26
This is ratio max/min:  256.78428975828945
0.0 -inf
This is ratio max/min:  -0.0
5
(96, 6, 64, 64, 64)
3.74688143495128e-24 1.4591552460153278e-26
This is ratio max/min:  256.78428975828945
14
(96, 6, 64, 64, 64)
3.74688143495128e-24 1.4591552460153278e-26
This is ratio max/min:  256.78428975828945
0.0 -inf
This is ratio max/min:  -0.0
17
(96, 6, 64, 64, 64)
3.74688143495128e-24 1.4591552460153278e-26
This is ratio max/min:  256.78428975828945
8
(96, 6, 64, 64, 64)
3.74688143495128e-24 1.4591552460153278e-26
This is ratio max/min:  256.78428975828945
0.0 -inf
This is ratio max/min:  -0.0
20
(96, 6, 64, 64, 64)
3.74688143495128e-24 1.4591552460153278e-26
This is ratio max/min:  256.78428975828945
0.0 -inf
This is ratio max/min:  -0.0
0.0 -inf
This is ratio max/min:  -0.0
23
(96, 6, 64, 64, 64)
3.74688143495128e-24 1.4591552460153278e-26
This is ratio max/min:  256.78428975828945
0.0 -inf
This is ratio max/min:  -0.0
26
(96, 6, 64, 64, 64)
3.74688143495128e-24 1.4591552460153278e-26
This is ratio max/min:  256.78428975828945
0.0 -inf
This is ratio max/min:  -0.0
0.0 -inf
This is ratio max/min:  -0.0
0.0 -inf
This is ratio max/min:  -0.0
29
(96, 6, 64, 64, 64)
3.74688143495128e-24 1.4591552460153278e-26
This is ratio max/min:  256.78428975828945
0.0 -inf
This is ratio max/min:  -0.0
32
(96, 6, 64, 64, 64)
3.74688143495128e-24 1.4591552460153278e-26
This is ratio max/min:  256.78428975828945
0.0 -inf
This is ratio max/min:  -0.0
41
(96, 6, 64, 64, 64)
3.74688143495128e-24 1.4591552460153278e-26
This is ratio max/min:  256.78428975828945
35
(96, 6, 64, 64, 64)
3.74688143495128e-24 1.4591552460153278e-26
This is ratio max/min:  256.78428975828945
0.0 -inf
This is ratio max/min:  -0.0
44
(96, 6, 64, 64, 64)
3.74688143495128e-24 1.4591552460153278e-26
This is ratio max/min:  256.78428975828945
0.0 -inf
This is ratio max/min:  -0.0
0.0 -inf
This is ratio max/min:  -0.0
47
(96, 6, 64, 64, 64)
3.74688143495128e-24 1.4591552460153278e-26
This is ratio max/min:  256.78428975828945
50
(96, 6, 64, 64, 64)
3.74688143495128e-24 1.4591552460153278e-26
This is ratio max/min:  256.78428975828945
0.0 -inf
This is ratio max/min:  -0.0
53
(96, 6, 64, 64, 64)
3.74688143495128e-24 1.4591552460153278e-26
This is ratio max/min:  256.78428975828945
0.0 -inf
This is ratio max/min:  -0.0
56
(96, 6, 64, 64, 64)
3.74688143495128e-24 1.4591552460153278e-26
This is ratio max/min:  256.78428975828945
0.0 -inf
This is ratio max/min:  -0.0
0.0 -inf
This is ratio max/min:  -0.0
59
(96, 6, 64, 64, 64)
3.74688143495128e-24 1.4591552460153278e-26
This is ratio max/min:  256.78428975828945
62
(96, 6, 64, 64, 64)
3.74688143495128e-24 1.4591552460153278e-26
This is ratio max/min:  256.78428975828945
0.0 -inf
This is ratio max/min:  -0.0
65
(96, 6, 64, 64, 64)
3.74688143495128e-24 1.4591552460153278e-26
This is ratio max/min:  256.78428975828945
68
(96, 6, 64, 64, 64)
3.74688143495128e-24 1.4591552460153278e-26
This is ratio max/min:  256.78428975828945
0.0 -inf
This is ratio max/min:  -0.0
0.0 -inf
This is ratio max/min:  -0.0
0.0 -inf
This is ratio max/min:  -0.0
71
(96, 6, 64, 64, 64)
3.74688143495128e-24 1.4591552460153278e-26
This is ratio max/min:  256.78428975828945
0.0 -inf
This is ratio max/min:  -0.0
74
(96, 6, 64, 64, 64)
3.74688143495128e-24 1.4591552460153278e-26
This is ratio max/min:  256.78428975828945
77
(96, 6, 64, 64, 64)
3.74688143495128e-24 1.4591552460153278e-26
This is ratio max/min:  256.78428975828945
80
(96, 6, 64, 64, 64)
3.74688143495128e-24 1.4591552460153278e-26
This is ratio max/min:  256.78428975828945
0.0 -inf
This is ratio max/min:  -0.0
83
(96, 6, 64, 64, 64)
3.74688143495128e-24 1.4591552460153278e-26
This is ratio max/min:  256.78428975828945
0.0 -inf
This is ratio max/min:  -0.0
0.0 -inf
This is ratio max/min:  -0.0
0.0 -inf
This is ratio max/min:  -0.0
86
(96, 6, 64, 64, 64)
3.74688143495128e-24 1.4591552460153278e-26
This is ratio max/min:  256.78428975828945
89
(96, 6, 64, 64, 64)
3.74688143495128e-24 1.4591552460153278e-26
This is ratio max/min:  256.78428975828945
0.0 -inf
This is ratio max/min:  -0.0
0.0 -inf
This is ratio max/min:  -0.0
92
(96, 6, 64, 64, 64)
3.74688143495128e-24 1.4591552460153278e-26
This is ratio max/min:  256.78428975828945
11
(96, 6, 64, 64, 64)
3.74688143495128e-24 1.4591552460153278e-26
This is ratio max/min:  256.78428975828945
0.0 -inf
This is ratio max/min:  -0.0
0.0 -inf
This is ratio max/min:  -0.0
0.0 -inf
This is ratio max/min:  -0.0
38
(96, 6, 64, 64, 64)
3.74688143495128e-24 1.4591552460153278e-26
This is ratio max/min:  256.78428975828945
98
(96, 6, 64, 64, 64)
3.74688143495128e-24 1.4591552460153278e-26
This is ratio max/min:  256.78428975828945
107
(96, 6, 64, 64, 64)
3.74688143495128e-24 1.4591552460153278e-26
This is ratio max/min:  256.78428975828945
104
(96, 6, 64, 64, 64)
3.74688143495128e-24 1.4591552460153278e-26
This is ratio max/min:  256.78428975828945
110
(96, 6, 64, 64, 64)
3.74688143495128e-24 1.4591552460153278e-26
This is ratio max/min:  256.78428975828945
95
(96, 6, 64, 64, 64)
3.74688143495128e-24 1.4591552460153278e-26
This is ratio max/min:  256.78428975828945
0.0 -inf
This is ratio max/min:  -0.0
101
(96, 6, 64, 64, 64)
3.74688143495128e-24 1.4591552460153278e-26
This is ratio max/min:  256.78428975828945
116
(96, 6, 64, 64, 64)
3.74688143495128e-24 1.4591552460153278e-26
This is ratio max/min:  256.78428975828945
119
(96, 6, 64, 64, 64)
3.74688143495128e-24 1.4591552460153278e-26
This is ratio max/min:  256.78428975828945
113
(96, 6, 64, 64, 64)
3.74688143495128e-24 1.4591552460153278e-26
This is ratio max/min:  256.78428975828945
0.0 -inf
This is ratio max/min:  -0.0
0.0 -inf
This is ratio max/min:  -0.0
0.0 -inf
This is ratio max/min:  -0.0
0.0 -inf
This is ratio max/min:  -0.0
0.0 -inf
This is ratio max/min:  -0.0
0.0 -inf
This is ratio max/min:  -0.0
0.0 -inf
This is ratio max/min:  -0.0
0.0 -inf
This is ratio max/min:  -0.0
120
(96, 6, 64, 64, 64)
3.74688143495128e-24 1.4591552460153278e-26
This is ratio max/min:  256.78428975828945
123
(96, 6, 64, 64, 64)
3.74688143495128e-24 1.4591552460153278e-26
This is ratio max/min:  256.78428975828945
0.0 -inf
This is ratio max/min:  -0.0
126
(96, 6, 64, 64, 64)
3.74688143495128e-24 1.4591552460153278e-26
This is ratio max/min:  256.78428975828945
0.0 -inf
This is ratio max/min:  -0.0
0.0 -inf
This is ratio max/min:  -0.0
0.0 -inf
This is ratio max/min:  -0.0
129
(96, 6, 64, 64, 64)
3.74688143495128e-24 1.4591552460153278e-26
This is ratio max/min:  256.78428975828945
132
(96, 6, 64, 64, 64)
3.74688143495128e-24 1.4591552460153278e-26
This is ratio max/min:  256.78428975828945
135
(96, 6, 64, 64, 64)
3.74688143495128e-24 1.4591552460153278e-26
This is ratio max/min:  256.78428975828945
0.0 -inf
This is ratio max/min:  -0.0
138
(96, 6, 64, 64, 64)
3.74688143495128e-24 1.4591552460153278e-26
This is ratio max/min:  256.78428975828945
0.0 -inf
This is ratio max/min:  -0.0
0.0 -inf
This is ratio max/min:  -0.0
141
(96, 6, 64, 64, 64)
3.74688143495128e-24 1.4591552460153278e-26
This is ratio max/min:  256.78428975828945
0.0 -inf
This is ratio max/min:  -0.0
0.0 -inf
This is ratio max/min:  -0.0
144
(96, 6, 64, 64, 64)
3.74688143495128e-24 1.4591552460153278e-26
This is ratio max/min:  256.78428975828945
0.0 -inf
This is ratio max/min:  -0.0
147
(96, 6, 64, 64, 64)
3.74688143495128e-24 1.4591552460153278e-26
This is ratio max/min:  256.78428975828945
150
(96, 6, 64, 64, 64)
3.74688143495128e-24 1.4591552460153278e-26
This is ratio max/min:  256.78428975828945
0.0 -inf
This is ratio max/min:  -0.0
0.0 -inf
This is ratio max/min:  -0.0
0.0 -inf
This is ratio max/min:  -0.0
153
(96, 6, 64, 64, 64)
3.74688143495128e-24 1.4591552460153278e-26
This is ratio max/min:  256.78428975828945
0.0 -inf
This is ratio max/min:  -0.0
156
(96, 6, 64, 64, 64)
3.74688143495128e-24 1.4591552460153278e-26
This is ratio max/min:  256.78428975828945
0.0 -inf
This is ratio max/min:  -0.0
159
(96, 6, 64, 64, 64)
3.74688143495128e-24 1.4591552460153278e-26
This is ratio max/min:  256.78428975828945
162
(96, 6, 64, 64, 64)
3.74688143495128e-24 1.4591552460153278e-26
This is ratio max/min:  256.78428975828945
0.0 -inf
This is ratio max/min:  -0.0
165
(96, 6, 64, 64, 64)
3.74688143495128e-24 1.4591552460153278e-26
This is ratio max/min:  256.78428975828945
168
(96, 6, 64, 64, 64)
3.74688143495128e-24 1.4591552460153278e-26
This is ratio max/min:  256.78428975828945
0.0 -inf
This is ratio max/min:  -0.0
0.0 -inf
This is ratio max/min:  -0.0
171
(96, 6, 64, 64, 64)
3.74688143495128e-24 1.4591552460153278e-26
This is ratio max/min:  256.78428975828945
0.0 -inf
This is ratio max/min:  -0.0
0.0 -inf
This is ratio max/min:  -0.0
174
(96, 6, 64, 64, 64)
3.74688143495128e-24 1.4591552460153278e-26
This is ratio max/min:  256.78428975828945
0.0 -inf
This is ratio max/min:  -0.0
177
(96, 6, 64, 64, 64)
3.74688143495128e-24 1.4591552460153278e-26
This is ratio max/min:  256.78428975828945
180
(96, 6, 64, 64, 64)
3.74688143495128e-24 1.4591552460153278e-26
This is ratio max/min:  256.78428975828945
183
(96, 6, 64, 64, 64)
3.74688143495128e-24 1.4591552460153278e-26
This is ratio max/min:  256.78428975828945
0.0 -inf
This is ratio max/min:  -0.0
186
(96, 6, 64, 64, 64)
3.74688143495128e-24 1.4591552460153278e-26
This is ratio max/min:  256.78428975828945
0.0 -inf
This is ratio max/min:  -0.0
189
(96, 6, 64, 64, 64)
3.74688143495128e-24 1.4591552460153278e-26
This is ratio max/min:  256.78428975828945
0.0 -inf
This is ratio max/min:  -0.0
0.0 -inf
This is ratio max/min:  -0.0
0.0 -inf
This is ratio max/min:  -0.0
0.0 -inf
This is ratio max/min:  -0.0
192
(96, 6, 64, 64, 64)
3.74688143495128e-24 1.4591552460153278e-26
This is ratio max/min:  256.78428975828945
195
(96, 6, 64, 64, 64)
3.74688143495128e-24 1.4591552460153278e-26
This is ratio max/min:  256.78428975828945
0.0 -inf
This is ratio max/min:  -0.0
198
(96, 6, 64, 64, 64)
3.74688143495128e-24 1.4591552460153278e-26
This is ratio max/min:  256.78428975828945
0.0 -inf
This is ratio max/min:  -0.0
201
(96, 6, 64, 64, 64)
3.74688143495128e-24 1.4591552460153278e-26
This is ratio max/min:  256.78428975828945
0.0 -inf
This is ratio max/min:  -0.0
204
(96, 6, 64, 64, 64)
3.74688143495128e-24 1.4591552460153278e-26
This is ratio max/min:  256.78428975828945
207
(96, 6, 64, 64, 64)
3.74688143495128e-24 1.4591552460153278e-26
This is ratio max/min:  256.78428975828945
210
(96, 6, 64, 64, 64)
3.74688143495128e-24 1.4591552460153278e-26
This is ratio max/min:  256.78428975828945
213
(96, 6, 64, 64, 64)
3.74688143495128e-24 1.4591552460153278e-26
This is ratio max/min:  256.78428975828945
0.0 -inf
This is ratio max/min:  -0.0
216
(96, 6, 64, 64, 64)
3.74688143495128e-24 1.4591552460153278e-26
This is ratio max/min:  256.78428975828945
219
(96, 6, 64, 64, 64)
3.74688143495128e-24 1.4591552460153278e-26
This is ratio max/min:  256.78428975828945
222
(96, 6, 64, 64, 64)
3.74688143495128e-24 1.4591552460153278e-26
This is ratio max/min:  256.78428975828945
225
(96, 6, 64, 64, 64)
3.74688143495128e-24 1.4591552460153278e-26
This is ratio max/min:  256.78428975828945
228
(96, 6, 64, 64, 64)
3.74688143495128e-24 1.4591552460153278e-26
This is ratio max/min:  256.78428975828945
231
(96, 6, 64, 64, 64)
3.74688143495128e-24 1.4591552460153278e-26
This is ratio max/min:  256.78428975828945
234
(96, 6, 64, 64, 64)
3.74688143495128e-24 1.4591552460153278e-26
This is ratio max/min:  256.78428975828945
0.0 -inf
This is ratio max/min:  -0.0
237
(96, 6, 64, 64, 64)
3.74688143495128e-24 1.4591552460153278e-26
This is ratio max/min:  256.78428975828945
0.0 -inf
This is ratio max/min:  -0.0
0.0 -inf
This is ratio max/min:  -0.0
0.0 -inf
This is ratio max/min:  -0.0
0.0 -inf
This is ratio max/min:  -0.0
121
(96, 6, 64, 64, 64)
3.74688143495128e-24 1.4591552460153278e-26
This is ratio max/min:  256.78428975828945
0.0 -inf
This is ratio max/min:  -0.0
0.0 -inf
This is ratio max/min:  -0.0
124
(96, 6, 64, 64, 64)
3.74688143495128e-24 1.4591552460153278e-26
This is ratio max/min:  256.78428975828945
0.0 -inf
This is ratio max/min:  -0.0
127
(96, 6, 64, 64, 64)
3.74688143495128e-24 1.4591552460153278e-26
This is ratio max/min:  256.78428975828945
0.0 -inf
This is ratio max/min:  -0.0
0.0 -inf
This is ratio max/min:  -0.0
0.0 -inf
This is ratio max/min:  -0.0
133
(96, 6, 64, 64, 64)
3.74688143495128e-24 1.4591552460153278e-26
This is ratio max/min:  256.78428975828945
139
(96, 6, 64, 64, 64)
3.74688143495128e-24 1.4591552460153278e-26
This is ratio max/min:  256.78428975828945
0.0 -inf
This is ratio max/min:  -0.0
142
(96, 6, 64, 64, 64)
3.74688143495128e-24 1.4591552460153278e-26
This is ratio max/min:  256.78428975828945
0.0 -inf
This is ratio max/min:  -0.0
130
(96, 6, 64, 64, 64)
3.74688143495128e-24 1.4591552460153278e-26
This is ratio max/min:  256.78428975828945
0.0 -inf
This is ratio max/min:  -0.0
145
(96, 6, 64, 64, 64)
3.74688143495128e-24 1.4591552460153278e-26
This is ratio max/min:  256.78428975828945
0.0 -inf
This is ratio max/min:  -0.0
0.0 -inf
This is ratio max/min:  -0.0
148
(96, 6, 64, 64, 64)
3.74688143495128e-24 1.4591552460153278e-26
This is ratio max/min:  256.78428975828945
0.0 -inf
This is ratio max/min:  -0.0
151
(96, 6, 64, 64, 64)
3.74688143495128e-24 1.4591552460153278e-26
This is ratio max/min:  256.78428975828945
0.0 -inf
This is ratio max/min:  -0.0
0.0 -inf
This is ratio max/min:  -0.0
154
(96, 6, 64, 64, 64)
3.74688143495128e-24 1.4591552460153278e-26
This is ratio max/min:  256.78428975828945
157
(96, 6, 64, 64, 64)
3.74688143495128e-24 1.4591552460153278e-26
This is ratio max/min:  256.78428975828945
0.0 -inf
This is ratio max/min:  -0.0
160
(96, 6, 64, 64, 64)
3.74688143495128e-24 1.4591552460153278e-26
This is ratio max/min:  256.78428975828945
0.0 -inf
This is ratio max/min:  -0.0
0.0 -inf
This is ratio max/min:  -0.0
163
(96, 6, 64, 64, 64)
3.74688143495128e-24 1.4591552460153278e-26
This is ratio max/min:  256.78428975828945
0.0 -inf
This is ratio max/min:  -0.0
166
(96, 6, 64, 64, 64)
3.74688143495128e-24 1.4591552460153278e-26
This is ratio max/min:  256.78428975828945
0.0 -inf
This is ratio max/min:  -0.0
169
(96, 6, 64, 64, 64)
3.74688143495128e-24 1.4591552460153278e-26
This is ratio max/min:  256.78428975828945
0.0 -inf
This is ratio max/min:  -0.0
172
(96, 6, 64, 64, 64)
3.74688143495128e-24 1.4591552460153278e-26
This is ratio max/min:  256.78428975828945
175
(96, 6, 64, 64, 64)
3.74688143495128e-24 1.4591552460153278e-26
This is ratio max/min:  256.78428975828945
0.0 -inf
This is ratio max/min:  -0.0
0.0 -inf
This is ratio max/min:  -0.0
178
(96, 6, 64, 64, 64)
3.74688143495128e-24 1.4591552460153278e-26
This is ratio max/min:  256.78428975828945
0.0 -inf
This is ratio max/min:  -0.0
181
(96, 6, 64, 64, 64)
3.74688143495128e-24 1.4591552460153278e-26
This is ratio max/min:  256.78428975828945
136
(96, 6, 64, 64, 64)
3.74688143495128e-24 1.4591552460153278e-26
This is ratio max/min:  256.78428975828945
184
(96, 6, 64, 64, 64)
3.74688143495128e-24 1.4591552460153278e-26
This is ratio max/min:  256.78428975828945
0.0 -inf
This is ratio max/min:  -0.0
187
(96, 6, 64, 64, 64)
3.74688143495128e-24 1.4591552460153278e-26
This is ratio max/min:  256.78428975828945
190
(96, 6, 64, 64, 64)
3.74688143495128e-24 1.4591552460153278e-26
This is ratio max/min:  256.78428975828945
0.0 -inf
This is ratio max/min:  -0.0
193
(96, 6, 64, 64, 64)
3.74688143495128e-24 1.4591552460153278e-26
This is ratio max/min:  256.78428975828945
0.0 -inf
This is ratio max/min:  -0.0
0.0 -inf
This is ratio max/min:  -0.0
196
(96, 6, 64, 64, 64)
3.74688143495128e-24 1.4591552460153278e-26
This is ratio max/min:  256.78428975828945
199
(96, 6, 64, 64, 64)
3.74688143495128e-24 1.4591552460153278e-26
0.0 -inf
This is ratio max/min:  -0.0
This is ratio max/min:  256.78428975828945
0.0 -inf
This is ratio max/min:  -0.0
0.0 -inf
This is ratio max/min:  -0.0
0.0 -inf
This is ratio max/min:  -0.0
205
(96, 6, 64, 64, 64)
3.74688143495128e-24 1.4591552460153278e-26
This is ratio max/min:  256.78428975828945
0.0 -inf
This is ratio max/min:  -0.0
211
(96, 6, 64, 64, 64)
3.74688143495128e-24 1.4591552460153278e-26
This is ratio max/min:  256.78428975828945
0.0 -inf
This is ratio max/min:  -0.0
202
(96, 6, 64, 64, 64)
3.74688143495128e-24 1.4591552460153278e-26
This is ratio max/min:  256.78428975828945
214
(96, 6, 64, 64, 64)
3.74688143495128e-24 1.4591552460153278e-26
This is ratio max/min:  256.78428975828945
208
(96, 6, 64, 64, 64)
3.74688143495128e-24 1.4591552460153278e-26
This is ratio max/min:  256.78428975828945
217
(96, 6, 64, 64, 64)
3.74688143495128e-24 1.4591552460153278e-26
This is ratio max/min:  256.78428975828945
220
(96, 6, 64, 64, 64)
3.74688143495128e-24 1.4591552460153278e-26
This is ratio max/min:  256.78428975828945
223
(96, 6, 64, 64, 64)
3.74688143495128e-24 1.4591552460153278e-26
This is ratio max/min:  256.78428975828945
0.0 -inf
This is ratio max/min:  -0.0
0.0 -inf
This is ratio max/min:  -0.0
229
(96, 6, 64, 64, 64)
3.74688143495128e-24 1.4591552460153278e-26
This is ratio max/min:  256.78428975828945
232
(96, 6, 64, 64, 64)
3.74688143495128e-24 1.4591552460153278e-26
This is ratio max/min:  256.78428975828945
0.0 -inf
This is ratio max/min:  -0.0
235
(96, 6, 64, 64, 64)
3.74688143495128e-24 1.4591552460153278e-26
This is ratio max/min:  256.78428975828945
226
(96, 6, 64, 64, 64)
3.74688143495128e-24 1.4591552460153278e-26
This is ratio max/min:  256.78428975828945
238
(96, 6, 64, 64, 64)
3.74688143495128e-24 1.4591552460153278e-26
This is ratio max/min:  256.78428975828945
0.0 -inf
This is ratio max/min:  -0.0
0.0 -inf
This is ratio max/min:  -0.0
0.0 -inf
This is ratio max/min:  -0.0
0.0 -inf
This is ratio max/min:  -0.0
122
(96, 6, 64, 64, 64)
3.74688143495128e-24 1.4591552460153278e-26
This is ratio max/min:  256.78428975828945
125
(96, 6, 64, 64, 64)
3.74688143495128e-24 1.4591552460153278e-26
This is ratio max/min:  256.78428975828945
0.0 -inf
This is ratio max/min:  -0.0
0.0 -inf
This is ratio max/min:  -0.0
0.0 -inf
This is ratio max/min:  -0.0
128
(96, 6, 64, 64, 64)
3.74688143495128e-24 1.4591552460153278e-26
This is ratio max/min:  256.78428975828945
0.0 -inf
This is ratio max/min:  -0.0
0.0 -inf
This is ratio max/min:  -0.0
134
(96, 6, 64, 64, 64)
3.74688143495128e-24 1.4591552460153278e-26
This is ratio max/min:  256.78428975828945
0.0 -inf
This is ratio max/min:  -0.0
140
(96, 6, 64, 64, 64)
3.74688143495128e-24 1.4591552460153278e-26
This is ratio max/min:  256.78428975828945
143
(96, 6, 64, 64, 64)
3.74688143495128e-24 1.4591552460153278e-26
This is ratio max/min:  256.78428975828945
0.0 -inf
This is ratio max/min:  -0.0
131
(96, 6, 64, 64, 64)
3.74688143495128e-24 1.4591552460153278e-26
This is ratio max/min:  256.78428975828945
0.0 -inf
This is ratio max/min:  -0.0
0.0 -inf
This is ratio max/min:  -0.0
146
(96, 6, 64, 64, 64)
3.74688143495128e-24 1.4591552460153278e-26
This is ratio max/min:  256.78428975828945
0.0 -inf
This is ratio max/min:  -0.0
149
(96, 6, 64, 64, 64)
3.74688143495128e-24 1.4591552460153278e-26
This is ratio max/min:  256.78428975828945
0.0 -inf
This is ratio max/min:  -0.0
152
(96, 6, 64, 64, 64)
3.74688143495128e-24 1.4591552460153278e-26
This is ratio max/min:  256.78428975828945
0.0 -inf
This is ratio max/min:  -0.0
0.0 -inf
This is ratio max/min:  -0.0
0.0 -inf
This is ratio max/min:  -0.0
0.0 -inf
This is ratio max/min:  -0.0
158
(96, 6, 64, 64, 64)
3.74688143495128e-24 1.4591552460153278e-26
This is ratio max/min:  256.78428975828945
155
(96, 6, 64, 64, 64)
3.74688143495128e-24 1.4591552460153278e-26
161
(96, 6, 64, 64, 64)
3.74688143495128e-24 1.4591552460153278e-26
This is ratio max/min:  256.78428975828945
This is ratio max/min:  256.78428975828945
0.0 -inf
This is ratio max/min:  -0.0
0.0 -inf
This is ratio max/min:  -0.0
164
(96, 6, 64, 64, 64)
3.74688143495128e-24 1.4591552460153278e-26
This is ratio max/min:  256.78428975828945
0.0 -inf
This is ratio max/min:  -0.0
167
(96, 6, 64, 64, 64)
3.74688143495128e-24 1.4591552460153278e-26
This is ratio max/min:  256.78428975828945
170
(96, 6, 64, 64, 64)
3.74688143495128e-24 1.4591552460153278e-26
This is ratio max/min:  256.78428975828945
0.0 -inf
This is ratio max/min:  -0.0
173
(96, 6, 64, 64, 64)
3.74688143495128e-24 1.4591552460153278e-26
This is ratio max/min:  256.78428975828945
176
(96, 6, 64, 64, 64)
3.74688143495128e-24 1.4591552460153278e-26
This is ratio max/min:  256.78428975828945
0.0 -inf
This is ratio max/min:  -0.0
0.0 -inf
This is ratio max/min:  -0.0
179
(96, 6, 64, 64, 64)
3.74688143495128e-24 1.4591552460153278e-26
This is ratio max/min:  256.78428975828945
0.0 -inf
This is ratio max/min:  -0.0
182
(96, 6, 64, 64, 64)
3.74688143495128e-24 1.4591552460153278e-26
This is ratio max/min:  256.78428975828945
188
(96, 6, 64, 64, 64)
3.74688143495128e-24 1.4591552460153278e-26
0.0 -inf
This is ratio max/min:  -0.0
This is ratio max/min:  256.78428975828945
185
(96, 6, 64, 64, 64)
3.74688143495128e-24 1.4591552460153278e-26
This is ratio max/min:  256.78428975828945
191
(96, 6, 64, 64, 64)
3.74688143495128e-24 1.4591552460153278e-26
This is ratio max/min:  256.78428975828945
0.0 -inf
This is ratio max/min:  -0.0
194
(96, 6, 64, 64, 64)
3.74688143495128e-24 1.4591552460153278e-26
This is ratio max/min:  256.78428975828945
0.0 -inf
This is ratio max/min:  -0.0
197
(96, 6, 64, 64, 64)
3.74688143495128e-24 1.4591552460153278e-26
This is ratio max/min:  256.78428975828945
0.0 -inf
This is ratio max/min:  -0.0
0.0 -inf
This is ratio max/min:  -0.0
200
(96, 6, 64, 64, 64)
3.74688143495128e-24 1.4591552460153278e-26
This is ratio max/min:  256.78428975828945
0.0 -inf
This is ratio max/min:  -0.0
0.0 -inf
This is ratio max/min:  -0.0
0.0 -inf
This is ratio max/min:  -0.0
206
(96, 6, 64, 64, 64)
3.74688143495128e-24 1.4591552460153278e-26
This is ratio max/min:  256.78428975828945
0.0 -inf
This is ratio max/min:  -0.0
212
(96, 6, 64, 64, 64)
3.74688143495128e-24 1.4591552460153278e-26
This is ratio max/min:  256.78428975828945
0.0 -inf
This is ratio max/min:  -0.0
203
(96, 6, 64, 64, 64)
3.74688143495128e-24 1.4591552460153278e-26
This is ratio max/min:  256.78428975828945
215
(96, 6, 64, 64, 64)
3.74688143495128e-24 1.4591552460153278e-26
This is ratio max/min:  256.78428975828945
209
(96, 6, 64, 64, 64)
3.74688143495128e-24 1.4591552460153278e-26
This is ratio max/min:  256.78428975828945
218
(96, 6, 64, 64, 64)
3.74688143495128e-24 1.4591552460153278e-26
This is ratio max/min:  256.78428975828945
221
(96, 6, 64, 64, 64)
3.74688143495128e-24 1.4591552460153278e-26
This is ratio max/min:  256.78428975828945
224
(96, 6, 64, 64, 64)
3.74688143495128e-24 1.4591552460153278e-26
This is ratio max/min:  256.78428975828945
230
(96, 6, 64, 64, 64)
3.74688143495128e-24 1.4591552460153278e-26
This is ratio max/min:  256.78428975828945
0.0 -inf
This is ratio max/min:  -0.0
233
(96, 6, 64, 64, 64)
3.74688143495128e-24 1.4591552460153278e-26
This is ratio max/min:  256.78428975828945
0.0 -inf
This is ratio max/min:  -0.0
0.0 -inf
This is ratio max/min:  -0.0
0.0 -inf
This is ratio max/min:  -0.0
137
(96, 6, 64, 64, 64)
3.74688143495128e-24 1.4591552460153278e-26
This is ratio max/min:  256.78428975828945
236
(96, 6, 64, 64, 64)
3.74688143495128e-24 1.4591552460153278e-26
This is ratio max/min:  256.78428975828945
239
(96, 6, 64, 64, 64)
3.74688143495128e-24 1.4591552460153278e-26
This is ratio max/min:  256.78428975828945
227
(96, 6, 64, 64, 64)
3.74688143495128e-24 1.4591552460153278e-26
This is ratio max/min:  256.78428975828945
0.0 -inf
This is ratio max/min:  -0.0
0.0 -inf
This is ratio max/min:  -0.0
0.0 -inf
This is ratio max/min:  -0.0
0.0 -inf
This is ratio max/min:  -0.0
0.0 -inf
This is ratio max/min:  -0.0
0.0 -inf
This is ratio max/min:  -0.0
240
(96, 6, 64, 64, 64)
3.74688143495128e-24 1.4591552460153278e-26
This is ratio max/min:  256.78428975828945
0.0 -inf
This is ratio max/min:  -0.0
0.0 -inf
This is ratio max/min:  -0.0
243
(96, 6, 64, 64, 64)
3.74688143495128e-24 1.4591552460153278e-26
This is ratio max/min:  256.78428975828945
0.0 -inf
This is ratio max/min:  -0.0
246
(96, 6, 64, 64, 64)
3.74688143495128e-24 1.4591552460153278e-26
This is ratio max/min:  256.78428975828945
0.0 -inf
This is ratio max/min:  -0.0
249
(96, 6, 64, 64, 64)
3.74688143495128e-24 1.4591552460153278e-26
This is ratio max/min:  256.78428975828945
0.0 -inf
This is ratio max/min:  -0.0
252
(96, 6, 64, 64, 64)
3.74688143495128e-24 1.4591552460153278e-26
This is ratio max/min:  256.78428975828945
0.0 -inf
This is ratio max/min:  -0.0
0.0 -inf
This is ratio max/min:  -0.0
255
(96, 6, 64, 64, 64)
3.74688143495128e-24 1.4591552460153278e-26
This is ratio max/min:  256.78428975828945
0.0 -inf
This is ratio max/min:  -0.0
258
(96, 6, 64, 64, 64)
3.74688143495128e-24 1.4591552460153278e-26
This is ratio max/min:  256.78428975828945
0.0 -inf
This is ratio max/min:  -0.0
0.0 -inf
This is ratio max/min:  -0.0
261
(96, 6, 64, 64, 64)
3.74688143495128e-24 1.4591552460153278e-26
This is ratio max/min:  256.78428975828945
0.0 -inf
This is ratio max/min:  -0.0
264
(96, 6, 64, 64, 64)
3.74688143495128e-24 1.4591552460153278e-26
This is ratio max/min:  256.78428975828945
0.0 -inf
This is ratio max/min:  -0.0
267
(96, 6, 64, 64, 64)
3.74688143495128e-24 1.4591552460153278e-26
This is ratio max/min:  256.78428975828945
0.0 -inf
This is ratio max/min:  -0.0
270
(96, 6, 64, 64, 64)
3.74688143495128e-24 1.4591552460153278e-26
This is ratio max/min:  256.78428975828945
0.0 -inf
This is ratio max/min:  -0.0
273
(96, 6, 64, 64, 64)
3.74688143495128e-24 1.4591552460153278e-26
This is ratio max/min:  256.78428975828945
0.0 -inf
This is ratio max/min:  -0.0
276
(96, 6, 64, 64, 64)
3.74688143495128e-24 1.4591552460153278e-26
This is ratio max/min:  256.78428975828945
279
(96, 6, 64, 64, 64)
3.74688143495128e-24 1.4591552460153278e-26
This is ratio max/min:  256.78428975828945
0.0 -inf
This is ratio max/min:  -0.0
282
(96, 6, 64, 64, 64)
3.74688143495128e-24 1.4591552460153278e-26
This is ratio max/min:  256.78428975828945
285
(96, 6, 64, 64, 64)
3.74688143495128e-24 1.4591552460153278e-26
This is ratio max/min:  256.78428975828945
0.0 -inf
This is ratio max/min:  -0.0
288
(96, 6, 64, 64, 64)
3.74688143495128e-24 1.4591552460153278e-26
This is ratio max/min:  256.78428975828945
0.0 -inf
This is ratio max/min:  -0.0
0.0 -inf
This is ratio max/min:  -0.0
291
(96, 6, 64, 64, 64)
3.74688143495128e-24 1.4591552460153278e-26
This is ratio max/min:  256.78428975828945
294
(96, 6, 64, 64, 64)
3.74688143495128e-24 1.4591552460153278e-26
This is ratio max/min:  256.78428975828945
297
(96, 6, 64, 64, 64)
3.74688143495128e-24 1.4591552460153278e-26
This is ratio max/min:  256.78428975828945
300
(96, 6, 64, 64, 64)
3.74688143495128e-24 1.4591552460153278e-26
This is ratio max/min:  256.78428975828945
0.0 -inf
This is ratio max/min:  -0.0
303
(96, 6, 64, 64, 64)
3.74688143495128e-24 1.4591552460153278e-26
This is ratio max/min:  256.78428975828945
0.0 -inf
This is ratio max/min:  -0.0
0.0 -inf
This is ratio max/min:  -0.0
0.0 -inf
This is ratio max/min:  -0.0
0.0 -inf
This is ratio max/min:  -0.0
306
(96, 6, 64, 64, 64)
3.74688143495128e-24 1.4591552460153278e-26
This is ratio max/min:  256.78428975828945
0.0 -inf
This is ratio max/min:  -0.0
309
(96, 6, 64, 64, 64)
3.74688143495128e-24 1.4591552460153278e-26
This is ratio max/min:  256.78428975828945
0.0 -inf
This is ratio max/min:  -0.0
0.0 -inf
This is ratio max/min:  -0.0
312
(96, 6, 64, 64, 64)
3.74688143495128e-24 1.4591552460153278e-26
This is ratio max/min:  256.78428975828945
0.0 -inf
This is ratio max/min:  -0.0
0.0 -inf
This is ratio max/min:  -0.0
315
(96, 6, 64, 64, 64)
3.74688143495128e-24 1.4591552460153278e-26
This is ratio max/min:  256.78428975828945
318
(96, 6, 64, 64, 64)
3.74688143495128e-24 1.4591552460153278e-26
This is ratio max/min:  256.78428975828945
321
(96, 6, 64, 64, 64)
3.74688143495128e-24 1.4591552460153278e-26
This is ratio max/min:  256.78428975828945
324
(96, 6, 64, 64, 64)
3.74688143495128e-24 1.4591552460153278e-26
This is ratio max/min:  256.78428975828945
0.0 -inf
This is ratio max/min:  -0.0
327
(96, 6, 64, 64, 64)
3.74688143495128e-24 1.4591552460153278e-26
This is ratio max/min:  256.78428975828945
330
(96, 6, 64, 64, 64)
3.74688143495128e-24 1.4591552460153278e-26
This is ratio max/min:  256.78428975828945
0.0 -inf
This is ratio max/min:  -0.0
333
(96, 6, 64, 64, 64)
3.74688143495128e-24 1.4591552460153278e-26
This is ratio max/min:  256.78428975828945
336
(96, 6, 64, 64, 64)
3.74688143495128e-24 1.4591552460153278e-26
This is ratio max/min:  256.78428975828945
339
(96, 6, 64, 64, 64)
3.74688143495128e-24 1.4591552460153278e-26
This is ratio max/min:  256.78428975828945
342
(96, 6, 64, 64, 64)
3.74688143495128e-24 1.4591552460153278e-26
This is ratio max/min:  256.78428975828945
0.0 -inf
This is ratio max/min:  -0.0
0.0 -inf
This is ratio max/min:  -0.0
345
(96, 6, 64, 64, 64)
3.74688143495128e-24 1.4591552460153278e-26
This is ratio max/min:  256.78428975828945
348
(96, 6, 64, 64, 64)
3.74688143495128e-24 1.4591552460153278e-26
This is ratio max/min:  256.78428975828945
0.0 -inf
This is ratio max/min:  -0.0
351
(96, 6, 64, 64, 64)
3.74688143495128e-24 1.4591552460153278e-26
This is ratio max/min:  256.78428975828945
354
(96, 6, 64, 64, 64)
3.74688143495128e-24 1.4591552460153278e-26
This is ratio max/min:  256.78428975828945
357
(96, 6, 64, 64, 64)
3.74688143495128e-24 1.4591552460153278e-26
This is ratio max/min:  256.78428975828945
0.0 -inf
This is ratio max/min:  -0.0
0.0 -inf
This is ratio max/min:  -0.0
0.0 -inf
This is ratio max/min:  -0.0
0.0 -inf
This is ratio max/min:  -0.0
241
(96, 6, 64, 64, 64)
3.74688143495128e-24 1.4591552460153278e-26
This is ratio max/min:  256.78428975828945
0.0 -inf
This is ratio max/min:  -0.0
244
(96, 6, 64, 64, 64)
3.74688143495128e-24 1.4591552460153278e-26
This is ratio max/min:  256.78428975828945
247
(96, 6, 64, 64, 64)
3.74688143495128e-24 1.4591552460153278e-26
This is ratio max/min:  256.78428975828945
0.0 -inf
This is ratio max/min:  -0.0
0.0 -inf
This is ratio max/min:  -0.0
0.0 -inf
This is ratio max/min:  -0.0
0.0 -inf
This is ratio max/min:  -0.0
250
(96, 6, 64, 64, 64)
3.74688143495128e-24 1.4591552460153278e-26
This is ratio max/min:  256.78428975828945
0.0 -inf
This is ratio max/min:  -0.0
0.0 -inf
This is ratio max/min:  -0.0
253
(96, 6, 64, 64, 64)
3.74688143495128e-24 1.4591552460153278e-26
This is ratio max/min:  256.78428975828945
0.0 -inf
This is ratio max/min:  -0.0
259
(96, 6, 64, 64, 64)
3.74688143495128e-24 1.4591552460153278e-26
256
(96, 6, 64, 64, 64)
3.74688143495128e-24 1.4591552460153278e-26
This is ratio max/min:  256.78428975828945
This is ratio max/min:  256.78428975828945
0.0 -inf
This is ratio max/min:  -0.0
262
(96, 6, 64, 64, 64)
3.74688143495128e-24 1.4591552460153278e-26
This is ratio max/min:  256.78428975828945
0.0 -inf
This is ratio max/min:  -0.0
0.0 -inf
This is ratio max/min:  -0.0
265
(96, 6, 64, 64, 64)
3.74688143495128e-24 1.4591552460153278e-26
This is ratio max/min:  256.78428975828945
0.0 -inf
This is ratio max/min:  -0.0
268
(96, 6, 64, 64, 64)
3.74688143495128e-24 1.4591552460153278e-26
This is ratio max/min:  256.78428975828945
0.0 -inf
This is ratio max/min:  -0.0
271
(96, 6, 64, 64, 64)
3.74688143495128e-24 1.4591552460153278e-26
This is ratio max/min:  256.78428975828945
0.0 -inf
This is ratio max/min:  -0.0
0.0 -inf
This is ratio max/min:  -0.0
277
(96, 6, 64, 64, 64)
3.74688143495128e-24 1.4591552460153278e-26
This is ratio max/min:  256.78428975828945
0.0 -inf
This is ratio max/min:  -0.0
280
(96, 6, 64, 64, 64)
3.74688143495128e-24 1.4591552460153278e-26
This is ratio max/min:  256.78428975828945
0.0 -inf
This is ratio max/min:  -0.0
274
(96, 6, 64, 64, 64)
3.74688143495128e-24 1.4591552460153278e-26
This is ratio max/min:  256.78428975828945
283
(96, 6, 64, 64, 64)
3.74688143495128e-24 1.4591552460153278e-26
This is ratio max/min:  256.78428975828945
0.0 -inf
This is ratio max/min:  -0.0
286
(96, 6, 64, 64, 64)
3.74688143495128e-24 1.4591552460153278e-26
This is ratio max/min:  256.78428975828945
289
(96, 6, 64, 64, 64)
3.74688143495128e-24 1.4591552460153278e-26
This is ratio max/min:  256.78428975828945
0.0 -inf
This is ratio max/min:  -0.0
292
(96, 6, 64, 64, 64)
3.74688143495128e-24 1.4591552460153278e-26
This is ratio max/min:  256.78428975828945
0.0 -inf
This is ratio max/min:  -0.0
295
(96, 6, 64, 64, 64)
3.74688143495128e-24 1.4591552460153278e-26
This is ratio max/min:  256.78428975828945
298
(96, 6, 64, 64, 64)
3.74688143495128e-24 1.4591552460153278e-26
This is ratio max/min:  256.78428975828945
0.0 -inf
This is ratio max/min:  -0.0
301
(96, 6, 64, 64, 64)
3.74688143495128e-24 1.4591552460153278e-26
This is ratio max/min:  256.78428975828945
304
(96, 6, 64, 64, 64)
3.74688143495128e-24 1.4591552460153278e-26
This is ratio max/min:  256.78428975828945
307
(96, 6, 64, 64, 64)
3.74688143495128e-24 1.4591552460153278e-26
This is ratio max/min:  256.78428975828945
0.0 -inf
This is ratio max/min:  -0.0
310
(96, 6, 64, 64, 64)
3.74688143495128e-24 1.4591552460153278e-26
This is ratio max/min:  256.78428975828945
0.0 -inf
This is ratio max/min:  -0.0
0.0 -inf
This is ratio max/min:  -0.0
0.0 -inf
This is ratio max/min:  -0.0
313
(96, 6, 64, 64, 64)
3.74688143495128e-24 1.4591552460153278e-26
This is ratio max/min:  256.78428975828945
0.0 -inf
This is ratio max/min:  -0.0
0.0 -inf
This is ratio max/min:  -0.0
0.0 -inf
This is ratio max/min:  -0.0
316
(96, 6, 64, 64, 64)
3.74688143495128e-24 1.4591552460153278e-26
This is ratio max/min:  256.78428975828945
0.0 -inf
This is ratio max/min:  -0.0
0.0 -inf
This is ratio max/min:  -0.0
319
(96, 6, 64, 64, 64)
3.74688143495128e-24 1.4591552460153278e-26
This is ratio max/min:  256.78428975828945
322
(96, 6, 64, 64, 64)
3.74688143495128e-24 1.4591552460153278e-26
This is ratio max/min:  256.78428975828945
0.0 -inf
This is ratio max/min:  -0.0
328
(96, 6, 64, 64, 64)
3.74688143495128e-24 1.4591552460153278e-26
This is ratio max/min:  256.78428975828945
0.0 -inf
This is ratio max/min:  -0.0
331
(96, 6, 64, 64, 64)
3.74688143495128e-24 1.4591552460153278e-26
This is ratio max/min:  256.78428975828945
334
(96, 6, 64, 64, 64)
3.74688143495128e-24 1.4591552460153278e-26
0.0 -inf
This is ratio max/min:  -0.0
This is ratio max/min:  256.78428975828945
337
(96, 6, 64, 64, 64)
3.74688143495128e-24 1.4591552460153278e-26
This is ratio max/min:  256.78428975828945
340
(96, 6, 64, 64, 64)
3.74688143495128e-24 1.4591552460153278e-26
This is ratio max/min:  256.78428975828945
343
(96, 6, 64, 64, 64)
3.74688143495128e-24 1.4591552460153278e-26
This is ratio max/min:  256.78428975828945
325
(96, 6, 64, 64, 64)
3.74688143495128e-24 1.4591552460153278e-26
This is ratio max/min:  256.78428975828945
0.0 -inf
This is ratio max/min:  -0.0
346
(96, 6, 64, 64, 64)
3.74688143495128e-24 1.4591552460153278e-26
This is ratio max/min:  256.78428975828945
0.0 -inf
This is ratio max/min:  -0.0
349
(96, 6, 64, 64, 64)
3.74688143495128e-24 1.4591552460153278e-26
This is ratio max/min:  256.78428975828945
352
(96, 6, 64, 64, 64)
3.74688143495128e-24 1.4591552460153278e-26
This is ratio max/min:  256.78428975828945
355
(96, 6, 64, 64, 64)
3.74688143495128e-24 1.4591552460153278e-26
This is ratio max/min:  256.78428975828945
0.0 -inf
This is ratio max/min:  -0.0
358
(96, 6, 64, 64, 64)
3.74688143495128e-24 1.4591552460153278e-26
This is ratio max/min:  256.78428975828945
0.0 -inf
This is ratio max/min:  -0.0
0.0 -inf
This is ratio max/min:  -0.0
0.0 -inf
This is ratio max/min:  -0.0
srun: Job step aborted: Waiting up to 32 seconds for job step to finish.
slurmstepd: error: *** STEP 16037951.0 ON ravc4021 CANCELLED AT 2025-03-05T12:38:50 DUE TO TIME LIMIT ***
slurmstepd: error: *** JOB 16037951 ON ravc4021 CANCELLED AT 2025-03-05T12:38:50 DUE TO TIME LIMIT ***
srun: got SIGCONT
srun: forcing job termination
                                  
================================= 
Global information about the job: 
================================= 
  
Job owner: ferhi(28885)
Job name:  parpl
Node list: ravc4021
Job start: Wed Mar  5 12:13:31 CET 2025
Job end:   Wed Mar  5 12:38:49 CET 2025
Work dir:  /raven/u/ferhi/Scripts/plots
Command:   /raven/u/ferhi/Scripts/plots/script_proj_render.sh
  
  
  
==========================================================================================
Information on jobsteps (Note: MaxRSS/AveRSS is the maximum/average over all 
tasks of the per-task memory high-water marks; cf. "man sacct"): 
==========================================================================================
  
JobID            JobName NNodes NTasks  NCPUS       MaxRSS       AveRSS    Elapsed ExitCode
------------- ---------- ------ ------ ------ ------------ ------------ ---------- --------
16037951           parpl      1           144                             00:25:18      0:0
16037951.0        python      1      1     80   191800.58M   191800.58M   00:25:03     0:15
  
Maximum memory per node: 201.117484 GB (defined as MaxRSS*Ntasks/NNodes)
CPU utilization: 47.1 %
  
